<?xml version="1.0" encoding="UTF-8"?>
<testsuite xmlns:xsi="http://www.w3.org/2001/XMLSchema-instance" xsi:noNamespaceSchemaLocation="https://maven.apache.org/surefire/maven-surefire-plugin/xsd/surefire-test-report-3.0.xsd" version="3.0" name="com.example.ReservationServiceTest" time="0.022" tests="6" errors="0" skipped="0" failures="0">
  <properties>
[...]
</properties>
  <testcase name="calculerPrixTotal_sejour_court_applique_prix_plein" classname="com.example.ReservationServiceTest" time="0.003"/>
  <testcase name="calculerPrixTotal_sejour_long_applique_remise" classname="com.example.ReservationServiceTest" time="0.002"/>
  <testcase name="genererCodeConfirmation_format_valide" classname="com.example.ReservationServiceTest" time="0.006"/>
  <testcase name="calculerPrixTotal_prix_negatif_lance_exception" classname="com.example.ReservationServiceTest" time="0.002"/>
  <testcase name="verifierDisponibilite_periode_valide_renvoie_vrai" classname="com.example.ReservationServiceTest" time="0.002"/>
  <testcase name="verifierDisponibilite_dates_nulles_lancent_exception" classname="com.example.ReservationServiceTest" time="0.002"/>
</testsuite>